Запуск гри №1
Вибрано режим гри: Людина проти Людини
Тип партії: Людина проти Людини (білі - гравець_1, чорні - гравець_2)
Дата: 2025-10-25 20:36:05

20:36:05, Хід Білого Гравця - номер ходу 1:
білий пішак id(1020) ходить з I2 (19, 9) на I4 (17, 9)
20:36:08, Хід Чорного Гравця - номер ходу 2:
чорний пішак id(2027) ходить з J19 (2, 10) на J17 (4, 10)
20:36:09, Хід Білого Гравця - номер ходу 3:
біла королева id(1039) ходить з J1 (20, 10) на D7 (14, 4)
20:36:11, Хід Чорного Гравця - номер ходу 4:
чорна королева id(2008) ходить з I20 (1, 9) на R11 (10, 18)
20:36:13, Хід Білого Гравця - номер ходу 5:
біла королева id(1039) ходить з D7 (14, 4) на A10 (11, 1)
20:36:14, Хід Чорного Гравця - номер ходу 6:
чорна королева id(2008) з R11 (10, 18) атакує білий пішак id(1029) на R2 (19, 18)
20:36:16, Хід Білого Гравця - номер ходу 7:
біла королева id(1039) з A10 (11, 1) атакує чорний пішак id(2018) на A19 (2, 1)
20:36:17, Хід Чорного Гравця - номер ходу 8:
чорний око id(2042) ходить з C16 (5, 3) на E14 (7, 5)
20:36:20, Хід Білого Гравця - номер ходу 9:
білий око id(1000) ходить з C5 (16, 3) на E7 (14, 5)
20:36:21, Хід Чорного Гравця - номер ходу 10:
чорна фурія id(2038) ходить з H17 (4, 8) на H15 (6, 8)
20:36:24, Хід Білого Гравця - номер ходу 11:
білий око id(1000) ходить з E7 (14, 5) на C9 (12, 3)
20:36:27, Хід Чорного Гравця - номер ходу 12:
чорна фурія id(2038) ходить з H15 (6, 8) на H13 (8, 8)
20:36:28, Хід Білого Гравця - номер ходу 13:
білий око id(1000) ходить з C9 (12, 3) на A11 (10, 1)
20:36:29, Хід Чорного Гравця - номер ходу 14:
чорна фурія id(2038) ходить з H13 (8, 8) на H12 (9, 8)
20:36:30, Хід Білого Гравця - номер ходу 15:
біла королева id(1039) з A19 (2, 1) атакує чорна фурія id(2038) на H12 (9, 8)
Додаткова втрата: чорний щит id(2039) знищено на F17 (4, 6)!
20:36:32, Хід Чорного Гравця - номер ходу 16:
чорний око id(2042) ходить з E14 (7, 5) на C12 (9, 3)
20:36:36, Хід Білого Гравця - номер ходу 17:
біла королева id(1039) ходить з H12 (9, 8) на A19 (2, 1)
20:36:37, Хід Чорного Гравця - номер ходу 18:
чорний око id(2042) ходить з C12 (9, 3) на A10 (11, 1)
20:36:38, Хід Білого Гравця - номер ходу 19:
біла королева id(1039) з A19 (2, 1) атакує чорний пішак id(2019) на B19 (2, 2)
20:36:39, Хід Чорного Гравця - номер ходу 20:
Гравець чорний воскресив пішака ID 2050 позицією A19 (2, 1) спроб 1/2 (хід не затрачено, заборона руху поточної фігури)
чорний пішак id(2020) ходить з C19 (2, 3) на C17 (4, 3)
20:36:42, Хід Білого Гравця - номер ходу 21:
білий око id(1000) ходить з A11 (10, 1) на C13 (8, 3)
20:36:43, Хід Чорного Гравця - номер ходу 22:
чорний пішак id(2020) ходить з C17 (4, 3) на C18 (3, 3)
20:36:44, Хід Білого Гравця - номер ходу 23:
білий око id(1000) ходить з C13 (8, 3) на A15 (6, 1)
20:36:46, Хід Чорного Гравця - номер ходу 24:
чорний пішак id(2020) ходить з C18 (3, 3) на C17 (4, 3)
20:36:47, Хід Білого Гравця - номер ходу 25:
білий око id(1000) ходить з A15 (6, 1) на B16 (5, 2)
20:36:48, Хід Чорного Гравця - номер ходу 26:
чорний пішак id(2020) ходить з C17 (4, 3) на C16 (5, 3)
20:36:49, Хід Білого Гравця - номер ходу 27:
білий око id(1000) ходить з B16 (5, 2) на C17 (4, 3)
20:36:49, Хід Чорного Гравця - номер ходу 28:
чорний пішак id(2030) ходить з M19 (2, 13) на M18 (3, 13)
20:36:54, Хід Білого Гравця - номер ходу 29:
білий око id(1000) ходить з C17 (4, 3) на D18 (3, 4)
20:36:56, Хід Чорного Гравця - номер ходу 30:
Гравець чорний воскресив пішака ID 2051 позицією C19 (2, 3) спроб 2/2 (хід затрачено)
Туманності активовані для гравця чорний - відкрито (0,0) та (0,19)
20:36:59, Хід Білого Гравця - номер ходу 31:
біла королева id(1039) з B19 (2, 2) атакує чорний храм id(2000) на A20 (1, 1)
20:37:01, Хід Чорного Гравця - номер ходу 32:
чорний пішак id(2023) ходить з F19 (2, 6) на F17 (4, 6)
20:37:04, Хід Білого Гравця - номер ходу 33:
білий око id(1000) з D18 (3, 4) атакує чорний пішак id(2021) на D19 (2, 4)
20:37:05, Хід Чорного Гравця - номер ходу 34:
чорний пішак id(2051) ходить з C19 (2, 3) на C17 (4, 3)
20:37:06, Хід Білого Гравця - номер ходу 35:
білий око id(1000) з D19 (2, 4) атакує чорна тура id(2003) на D20 (1, 4)
Око досягло фінальної лінії! Оберіть 3 з 4 Очей для посилення.
Око ID 1000 на D20 (1, 4) вибрано для посилення.
Око ID 1001 на G5 (16, 7) вибрано для посилення.
Око ID 1002 на L5 (16, 12) вибрано для посилення.
----- Посилення завершено -----
Око ID 1000 на D20 (1, 4) було посилено!
Око ID 1001 на G5 (16, 7) було посилено!
Око ID 1002 на L5 (16, 12) було посилено!
20:37:10, Хід Чорного Гравця - номер ходу 36:
чорна королева id(2008) з R2 (19, 18) атакує білий пішак id(1028) на Q2 (19, 17)
20:37:15, Хід Білого Гравця - номер ходу 37:
білий храм id(1047) здійснив священний обмін з білий слон id(1037)
R1 (20, 18) H1 (20, 8)
Храм id(1047) на R1 (20, 18) використав свій священний обмін (більше недоступний)
20:37:17, Хід Чорного Гравця - номер ходу 38:
чорна королева id(2008) з Q2 (19, 17) атакує білий слон id(1037) на R1 (20, 18)
20:37:19, Хід Білого Гравця - номер ходу 39:
Гравець білий воскресив пішака ID 1050 позицією Q2 (19, 17) спроб 1/2 (хід не затрачено, заборона руху поточної фігури)
Гравець білий воскресив пішака ID 1051 позицією R2 (19, 18) спроб 2/2 (хід затрачено)
Туманності активовані для гравця білий - відкрито (21,0) та (21,19)
20:37:22, Хід Чорного Гравця - номер ходу 40:
чорна королева id(2008) ходить з R1 (20, 18) на нижня права туманність (21, 19), присвоєно час 5
20:37:23, Хід Білого Гравця - номер ходу 41:
біла королева id(1039) ходить з A20 (1, 1) на верхня ліва туманність (0, 0), присвоєно час 5
20:37:25, Хід Чорного Гравця - номер ходу 42:
чорна королева id(2008) що стоїть на нижня права Туманності (21, 19) має таймер - 4.
чорний аристократ id(2001) ходить з B20 (1, 2) на B18 (3, 2)
20:37:28, Хід Білого Гравця - номер ходу 43:
біла королева id(1039) що стоїть на верхня ліва Туманності (0, 0) має таймер - 4.
біла королева id(1039) з верхня ліва туманності (0, 0) телепортується на верхня права туманність (0, 19) (без штрафу часу)
20:37:33, Хід Чорного Гравця - номер ходу 44:
чорна королева id(2008) що стоїть на нижня права Туманності (21, 19) має таймер - 3.
чорна королева id(2008) з нижня права туманності (21, 19) телепортується на верхня ліва туманність (0, 0) (з штрафом часу -1)
20:37:35, Хід Білого Гравця - номер ходу 45:
біла королева id(1039) що стоїть на верхня права Туманності (0, 19) має таймер - 3.
білий аристократ id(1046) ходить з Q1 (20, 17) на Q3 (18, 17)
20:37:39, Хід Чорного Гравця - номер ходу 46:
чорна королева id(2008) що стоїть на верхня ліва Туманності (0, 0) має таймер - 1.
чорна королева id(2008) з верхня ліва туманності (0, 0) телепортується на нижня ліва туманність (21, 0) (з штрафом часу -1)
фігура королева id(2008) загинула в телепортації з туманності верхня ліва (0, 0) в нижня ліва (21, 0), знищена в телепортації за штрафом.
20:37:43, Хід Білого Гравця - номер ходу 47:
біла королева id(1039) що стоїть на верхня права Туманності (0, 19) має таймер - 2.
біла королева id(1039) з верхня права туманності (0, 19) атакує чорний храм id(2017) на R20 (1, 18), таймер обнуляється
20:37:46, Хід Чорного Гравця - номер ходу 48:
чорний пішак id(2034) ходить з Q19 (2, 17) на Q18 (3, 17)
20:37:48, Хід Білого Гравця - номер ходу 49:
біла королева id(1039) ходить з R20 (1, 18) на O17 (4, 15)
20:37:49, Хід Чорного Гравця - номер ходу 50:
чорний око id(2042) ходить з A10 (11, 1) на C12 (9, 3)
20:37:56, Хід Білого Гравця - номер ходу 51:
білий око id(1001) ходить з G5 (16, 7) на D8 (13, 4)
20:37:57, Хід Чорного Гравця - номер ходу 52:
чорний аристократ id(2016) обмінявся з чорний пішак id(2034)
Q20 (1, 17) Q18 (3, 17)
20:38:06, Хід Білого Гравця - номер ходу 53:
біла королева id(1039) ходить з O17 (4, 15) на P18 (3, 16)
20:38:07, Хід Чорного Гравця - номер ходу 54:
чорний пішак id(2032) ходить з O19 (2, 15) на O18 (3, 15)
20:38:09, Хід Білого Гравця - номер ходу 55:
біла королева id(1039) з P18 (3, 16) атакує чорний аристократ id(2016) на Q18 (3, 17)
20:38:10, Хід Чорного Гравця - номер ходу 56:
чорний тріумфатор id(2037) ходить з N17 (4, 14) на P17 (4, 16)
20:38:11, Хід Білого Гравця - номер ходу 57:
білий пішак id(1019) ходить з H2 (19, 8) на H3 (18, 8)
20:38:15, Хід Чорного Гравця - номер ходу 58:
чорний Тріумфатор паралізував білий королева на 1 ходів!
20:38:17, Хід Білого Гравця - номер ходу 59:
білий всадник id(1032) ходить з C1 (20, 3) на B3 (18, 2)
Фігура на Q18 більше не паралізована
20:38:20, Хід Чорного Гравця - номер ходу 60:
чорний тріумфатор id(2037) ходить з R17 (4, 18) на R14 (7, 18)
20:38:25, Хід Білого Гравця - номер ходу 61:
біла королева id(1039) ходить з Q18 (3, 17) на J11 (10, 10)
20:38:29, Хід Чорного Гравця - номер ходу 62:
чорний аристократ id(2001) обмінявся з чорний пішак id(2051)
B18 (3, 2) C17 (4, 3)
20:38:32, Хід Білого Гравця - номер ходу 63:
біла королева id(1039) ходить з J11 (10, 10) на D17 (4, 4)
20:38:33, Хід Чорного Гравця - номер ходу 64:
чорний пішак id(2020) ходить з C16 (5, 3) на C15 (6, 3)
20:38:35, Хід Білого Гравця - номер ходу 65:
біла королева id(1039) з D17 (4, 4) атакує чорний аристократ id(2001) на C17 (4, 3)
АКТИВОВАНО: Подвійний хід Місяців для чорних! Обидва Аристократи знищені.
Кожен хід чорних може бути подвійним (місяць місяць) до кінця гри!
20:38:35, Хід Чорного Гравця - номер ходу 66:
чорний місяць id(2006) ходить з G20 (1, 7) на G18 (3, 7)
Перший хід подвійного ходу Місяцем id(2006) G20 на G18 (3, 7). Зробіть другий хід будь-яким Місяцем!
чорний місяць id(2006) ходить з G18 (3, 7) на I18 (3, 9)
Другий хід подвійного ходу Місяцем id(2006) G18 на I18 (3, 9). Подвійний хід завершено!
20:38:38, Хід Білого Гравця - номер ходу 67:
біла фурія id(1006) ходить з H4 (17, 8) на H6 (15, 8)
20:38:40, Хід Чорного Гравця - номер ходу 68:
чорний місяць id(2006) ходить з I18 (3, 9) на I16 (5, 9)
Перший хід подвійного ходу Місяцем id(2006) I18 на I16 (5, 9). Зробіть другий хід будь-яким Місяцем!
чорний місяць id(2011) ходить з L20 (1, 12) на L18 (3, 12)
Другий хід подвійного ходу Місяцем id(2011) L20 на L18 (3, 12). Подвійний хід завершено!
20:38:43, Хід Білого Гравця - номер ходу 69:
білий всадник id(1032) ходить з B3 (18, 2) на J11 (10, 10)
20:38:51, Хід Чорного Гравця - номер ходу 70:
чорний всадник id(2002) ходить з C20 (1, 3) на D18 (3, 4)
20:38:52, Хід Білого Гравця - номер ходу 71:
білий всадник id(1032) ходить з J11 (10, 10) на C18 (3, 3)
20:38:54, Хід Чорного Гравця - номер ходу 72:
чорний всадник id(2002) з D18 (3, 4) атакує біла королева id(1039) на C17 (4, 3)
20:38:56, Хід Білого Гравця - номер ходу 73:
білий всадник id(1032) ходить з C18 (3, 3) на E16 (5, 5)
20:38:57, Хід Чорного Гравця - номер ходу 74:
чорний всадник id(2002) з C17 (4, 3) атакує білий всадник id(1032) на E16 (5, 5)
чорний всадник id(2002) вполював душу всадник!
20:38:58, Хід Білого Гравця - номер ходу 75:
білий всадник id(1045) ходить з P1 (20, 16) на N3 (18, 14)
20:39:02, Хід Чорного Гравця - номер ходу 76:
чорний всадник id(2002) з E16 (5, 5) атакує білий око id(1003) на P5 (16, 16)
20:39:06, Хід Білого Гравця - номер ходу 77:
білий всадник id(1045) з N3 (18, 14) атакує чорний всадник id(2002) на P5 (16, 16)
білий всадник id(1045) вполював душу всадник!
20:39:08, Хід Чорного Гравця - номер ходу 78:
Гравець чорний воскресив всадник ID 2121 на позиції C20 (1, 3) через Всадника!
20:39:10, Хід Білого Гравця - номер ходу 79:
Гравець білий воскресив всадник ID 1121 на позиції C1 (20, 3) через Всадника!
20:39:13, Хід Чорного Гравця - номер ходу 80:
чорний всадник id(2121) ходить з C20 (1, 3) на D18 (3, 4)
20:39:17, Хід Білого Гравця - номер ходу 81:
білий всадник id(1045) ходить з P5 (16, 16) на E16 (5, 5)
20:39:20, Хід Чорного Гравця - номер ходу 82:
чорний всадник id(2121) з D18 (3, 4) атакує білий всадник id(1045) на E16 (5, 5)
20:39:21, Хід Білого Гравця - номер ходу 83:
білий аристократ id(1031) ходить з B1 (20, 2) на B3 (18, 2)
20:39:28, Хід Чорного Гравця - номер ходу 84:
чорна блискавка id(2004) ходить з E20 (1, 5) на D17 (4, 4)
20:39:30, Хід Білого Гравця - номер ходу 85:
білий аристократ id(1031) ходить з B3 (18, 2) на E6 (15, 5)
20:39:32, Хід Чорного Гравця - номер ходу 86:
чорна блискавка id(2004) ходить з D17 (4, 4) на E14 (7, 5)
20:39:33, Хід Білого Гравця - номер ходу 87:
білий аристократ id(1031) ходить з E6 (15, 5) на H9 (12, 8)
20:39:35, Хід Чорного Гравця - номер ходу 88:
чорна блискавка id(2004) ходить з E14 (7, 5) на F11 (10, 6)
20:39:37, Хід Білого Гравця - номер ходу 89:
білий аристократ id(1031) обмінявся з чорна блискавка id(2004)
H9 (12, 8) F11 (10, 6)
білий аристократ id(1031) отримав електричний шок від Блискавки!
аристократ на F11 (10, 6) паралізований на 1 хід!
20:39:38, Хід Чорного Гравця - номер ходу 90:
чорна блискавка id(2004) ходить з H9 (12, 8) на I10 (11, 9)
Фігура на F11 більше не паралізована
20:39:41, Хід Білого Гравця - номер ходу 91:
білий око id(1001) ходить з D8 (13, 4) на B10 (11, 2)
20:39:43, Хід Чорного Гравця - номер ходу 92:
чорна блискавка id(2004) ходить з I10 (11, 9) на H7 (14, 8)
20:39:48, Хід Білого Гравця - номер ходу 93:
біла блискавка id(1034) ходить з E1 (20, 5) на D4 (17, 4)
20:39:49, Хід Чорного Гравця - номер ходу 94:
чорна блискавка id(2004) ходить з H7 (14, 8) на E8 (13, 5)
20:39:51, Хід Білого Гравця - номер ходу 95:
біла блискавка id(1034) ходить з D4 (17, 4) на C5 (16, 3)
20:39:53, Хід Чорного Гравця - номер ходу 96:
чорна блискавка id(2004) ходить з E8 (13, 5) на H9 (12, 8)
20:39:56, Хід Білого Гравця - номер ходу 97:
біла блискавка id(1043) ходить з N1 (20, 14) на O4 (17, 15)
20:39:58, Хід Чорного Гравця - номер ходу 98:
чорна блискавка id(2004) ходить з H9 (12, 8) на K10 (11, 11)
20:39:59, Хід Білого Гравця - номер ходу 99:
біла блискавка id(1043) ходить з O4 (17, 15) на N7 (14, 14)
20:40:00, Хід Чорного Гравця - номер ходу 100:
чорна блискавка id(2004) ходить з K10 (11, 11) на L11 (10, 12)
20:40:02, Хід Білого Гравця - номер ходу 101:
біла блискавка id(1043) ходить з N7 (14, 14) на O8 (13, 15)
20:40:04, Хід Чорного Гравця - номер ходу 102:
чорна блискавка id(2004) ходить з L11 (10, 12) на M10 (11, 13)
20:40:05, Хід Білого Гравця - номер ходу 103:
біла блискавка id(1043) ходить з O8 (13, 15) на N7 (14, 14)
20:40:07, Хід Чорного Гравця - номер ходу 104:
чорна блискавка id(2004) з M10 (11, 13) атакує біла блискавка id(1043) на N7 (14, 14)
чорна блискавка id(2004) атакує біла блискавку id(1043)!
Обидві блискавки знищуються в електричному вибуху!
чорна блискавка id(2004) на N7 знищена
20:40:08, Хід Білого Гравця - номер ходу 105:
Статус: не закінчена гра - закрито вікно


[Event "Людина проти Людини (білі - гравець_1, чорні - гравець_2)"]
[Site "Тренувальний датасет"]
[Date "2025.10.25"]
[Round "1"]
[White "Гравець_1"]
[Black "Гравець_2"]
[Result "*"]

1. I2 I4 2. J19 J17 3. J1 D7
4. I20 R11 5. D7 A10 6. R11 xR2
7. A10 xA19 8. C16 E14 9. C5 E7
10. H17 H15 11. E7 C9 12. H15 H13
13. C9 A11 14. H13 H12 15. A19 xH12+F17
16. E14 C12 17. H12 A19 18. C12 A10
19. A19 xB19 20. C19 C17 21. A11 C13
22. C17 C18 23. C13 A15 24. C18 C17
25. A15 B16 26. C17 C16 27. B16 C17
28. M19 M18 29. C17 D18 30. C19 xRP
31. B19 xA20 32. F19 F17 33. D18 xD19
34. C19 C17 35. D19 xD20 36. R2 xQ2
37. R1 xSH1 38. Q2 xR1 39. R2 xRP
40. R1 НП~ 42. НП(4) B20 B18 45. ВП(3) Q1 Q3
48. Q19 Q18 49. R20 O17 50. A10 C12
51. G5 D8 53. O17 P18 54. O19 O18
55. P18 xQ18 56. N17 P17 57. H2 H3
58. P17 xPH3(1) 59. C1 B3 60. R17 R14
61. Q18 J11 63. J11 D17 64. C16 C15
65. D17 xC17 66. I18 I16 xD I16 L18 71. J11 C18
72. D18 xC17 73. C18 E16 74. C17 xE16
75. P1 N3 76. E16 xP5 77. N3 xP5
80. C20 D18 81. P5 E16 82. D18 xE16
83. B1 B3 84. E20 D17 85. B3 E6
86. D17 E14 87. E6 H9 88. E14 F11
90. H9 I10 91. D8 B10 92. I10 H7
93. E1 D4 94. H7 E8 95. D4 C5
96. E8 H9 97. N1 O4 98. H9 K10
99. O4 N7 100. K10 L11 101. N7 O8
102. L11 M10 103. O8 N7 104. M10 xN7DD *

Коментарі (розширена нотація):
Координати: A-T (20 колонок), 1-20 (20 рядків), ВЛ-верхня ліва (0,0), ВП-верхня права (0,19), НЛ-нижня ліва (21,0), НП-нижня права (21,19)
Типи дій: x-атака, xP-паралізація з таймером(n), xR{тип}-воскресіння (P-пішак,N-кінь,B-слон,R-тура,Q-королева,K-король,Ri-всадник,Sh-щит,Fu-фурія,Te-храм,Ar-аристократ,Mo-місяць,Ey-око,Li-блискавка,Tr-тріумфатор), xT-телепортація, xTD-телепортація з загибеллю, xS-священний обмін, xD-подвійний хід місяця
Туманності: ~-вхід в туманність, ВЛ(n)-фігура в верхній лівій з таймером n, ВП(n)-верхня права, НЛ(n)-нижня ліва, НП(n)-нижня права, FD-загибель за браком часу, ВЛ xTВП-телепортація з ВЛ в ВП, xTD-телепортація з загибеллю
Спеціальні: *M-активація подвійних ходів місяців, +позиція-додаткова втрата фігури, -позиції-втрата захисту, DD-взаємне знищення блискавок
Шахи та мати: +-шах, #-мат, =-пат
Результати: *-не завершено, 1-0-перемога білих, 0-1-перемога чорних, 1/2-1/2-нічия
